SF:lib/models/messages_data.dart
DA:8,0
DA:10,0
DA:11,0
DA:12,0
DA:15,0
DA:17,0
LF:6
LH:0
end_of_record
SF:lib/twilio.dart
DA:13,1
DA:17,2
DA:18,1
DA:19,2
LF:4
LH:4
end_of_record
SF:lib/models/credential.dart
DA:6,1
DA:8,1
DA:9,4
DA:13,2
DA:15,0
DA:16,0
DA:19,0
DA:21,0
DA:23,2
LF:9
LH:5
end_of_record
SF:lib/models/message.dart
DA:8,0
DA:10,0
DA:11,0
DA:12,0
DA:13,0
DA:14,0
DA:15,0
DA:16,0
DA:17,0
DA:18,0
DA:21,0
DA:22,0
DA:23,0
DA:24,0
DA:29,0
DA:31,0
LF:16
LH:0
end_of_record
SF:lib/services/message_service.dart
DA:10,0
DA:12,0
DA:14,0
DA:17,0
DA:19,0
DA:22,0
DA:26,0
DA:30,0
DA:31,0
DA:32,0
DA:33,0
DA:37,0
DA:39,0
DA:42,0
LF:14
LH:0
end_of_record
SF:lib/services/network_service.dart
DA:12,0
DA:13,0
DA:14,0
DA:15,0
DA:18,0
DA:20,0
DA:22,0
DA:24,0
DA:26,0
DA:31,0
DA:39,1
DA:41,1
DA:42,3
DA:44,1
DA:48,1
DA:49,2
DA:50,1
DA:51,1
DA:52,2
DA:53,1
DA:58,0
DA:60,0
DA:61,0
DA:62,0
DA:64,0
DA:66,0
DA:70,0
DA:74,0
DA:75,0
DA:77,0
LF:30
LH:10
end_of_record
